  Tottus.cpp
C:\Users\adria\mi-proyecto-tottus\Tottus\Tabla.h(157,17): warning C4566: el carácter representado por el nombre de carácter universal '\u2191' no se puede representar en la página de códigos actual (1252)
  (compilando archivo de origen "Tottus.cpp")
  
C:\Users\adria\mi-proyecto-tottus\Tottus\Tabla.h(157,17): warning C4566: el carácter representado por el nombre de carácter universal '\u2193' no se puede representar en la página de códigos actual (1252)
  (compilando archivo de origen "Tottus.cpp")
  
C:\Users\adria\mi-proyecto-tottus\Tottus\Administrador.h(160,21): warning C4267: 'inicializando': conversión de 'size_t' a 'int'; posible pérdida de datos
  (compilando archivo de origen "Tottus.cpp")
  
C:\Users\adria\mi-proyecto-tottus\Tottus\Usuario.h(170,15): warning C4267: 'inicializando': conversión de 'size_t' a 'int'; posible pérdida de datos
  (compilando archivo de origen "Tottus.cpp")
  
C:\Users\adria\mi-proyecto-tottus\Tottus\Usuario.h(385,29): warning C4267: 'argumento': conversión de 'size_t' a 'int'; posible pérdida de datos
  (compilando archivo de origen "Tottus.cpp")
  
C:\Users\adria\mi-proyecto-tottus\Tottus\Interfaz.h(1395,15): warning C4267: 'inicializando': conversión de 'size_t' a 'int'; posible pérdida de datos
  (compilando archivo de origen "Tottus.cpp")
  
C:\Users\adria\mi-proyecto-tottus\Tottus\Interfaz.h(1629,15): warning C4267: 'inicializando': conversión de 'size_t' a 'int'; posible pérdida de datos
  (compilando archivo de origen "Tottus.cpp")
  
C:\Users\adria\mi-proyecto-tottus\Tottus\Interfaz.h(1686,1): warning C4715: 'Administrador': no todas las rutas de acceso de control devuelven un valor
C:\Users\adria\mi-proyecto-tottus\Tottus\Interfaz.h(1854,1): warning C4715: 'Menu': no todas las rutas de acceso de control devuelven un valor
C:\Users\adria\mi-proyecto-tottus\Tottus\Interfaz.h(1452,1): warning C4715: 'Usuario': no todas las rutas de acceso de control devuelven un valor
C:\Users\adria\mi-proyecto-tottus\Tottus\Usuario.h(1159,1): warning C4715: 'SistemaUsuarios::SubMenuUsuario': no todas las rutas de acceso de control devuelven un valor
  Tottus.vcxproj -> C:\Users\adria\mi-proyecto-tottus\x64\Debug\Tottus.exe
